<?xml version="1.0" encoding="utf-8"?><testsuites name="pytest tests"><testsuite name="pytest" errors="0" failures="0" skipped="0" tests="11" time="4.790" timestamp="2026-08-18T09:55:25.128547+00:00" hostname="agent-env-24c81523-e0d1-4b26-bbe0-71b4eb718151"><testcase classname="tests.test_double_buy_prevention" name="test_stripe_checkout_lifetime_returns_409" time="0.682" /><testcase classname="tests.test_double_buy_prevention" name="test_razorpay_order_lifetime_returns_409" time="0.095" /><testcase classname="tests.test_double_buy_prevention" name="test_paypal_order_lifetime_returns_409_before_availability" time="0.082" /><testcase classname="tests.test_double_buy_prevention" name="test_stripe_checkout_free_user_returns_url" time="1.230" /><testcase classname="tests.test_double_buy_prevention" name="test_razorpay_order_free_user_returns_order" time="0.969" /><testcase classname="tests.test_double_buy_prevention" name="test_paypal_order_free_user_returns_503_when_unconfigured" time="0.461" /><testcase classname="tests.test_double_buy_prevention" name="test_mock_unlock_idempotent_for_lifetime" time="0.086" /><testcase classname="tests.test_double_buy_prevention" name="test_mock_unlock_flips_free_user" time="0.374" /><testcase classname="tests.test_double_buy_prevention" name="test_billing_methods_lists_three_gateways" time="0.332" /><testcase classname="tests.test_double_buy_prevention" name="test_razorpay_available_true" time="0.077" /><testcase classname="tests.test_double_buy_prevention" name="test_paypal_available_false" time="0.085" /></testsuite></testsuites>