<?xml version="1.0" encoding="utf-8"?><testsuites name="pytest tests"><testsuite name="pytest" errors="0" failures="0" skipped="0" tests="56" time="16.407" timestamp="2026-08-18T09:13:45.289981+00:00" hostname="agent-env-24c81523-e0d1-4b26-bbe0-71b4eb718151"><testcase classname="tests.test_ughpdf_backend" name="test_health_root" time="0.107" /><testcase classname="tests.test_ughpdf_backend" name="test_tools_list_46_6_with_search" time="0.126" /><testcase classname="tests.test_ughpdf_backend" name="test_local_tools_registered" time="0.085" /><testcase classname="tests.test_ughpdf_backend" name="test_tool_by_id[merge]" time="0.098" /><testcase classname="tests.test_ughpdf_backend" name="test_tool_by_id[protect]" time="0.090" /><testcase classname="tests.test_ughpdf_backend" name="test_tool_by_id[pdf-to-text]" time="0.080" /><testcase classname="tests.test_ughpdf_backend" name="test_tool_by_id[bates]" time="0.081" /><testcase classname="tests.test_ughpdf_backend" name="test_tool_by_id_404" time="0.083" /><testcase classname="tests.test_ughpdf_backend" name="test_ai_endpoints_removed[ai-chat]" time="0.663" /><testcase classname="tests.test_ughpdf_backend" name="test_ai_endpoints_removed[ai-summarize]" time="0.201" /><testcase classname="tests.test_ughpdf_backend" name="test_ai_endpoints_removed[ai-redact]" time="0.176" /><testcase classname="tests.test_ughpdf_backend" name="test_ai_endpoints_removed[ai-extract]" time="0.158" /><testcase classname="tests.test_ughpdf_backend" name="test_ai_endpoints_removed[ai-audiobook]" time="0.162" /><testcase classname="tests.test_ughpdf_backend" name="test_ai_endpoints_removed[ai-math]" time="0.175" /><testcase classname="tests.test_ughpdf_backend" name="test_ai_endpoints_removed[ai-ocr]" time="0.146" /><testcase classname="tests.test_ughpdf_backend" name="test_ai_endpoints_removed[ai-visual-diff]" time="0.192" /><testcase classname="tests.test_ughpdf_backend" name="test_signup_no_ai_credits" time="0.295" /><testcase classname="tests.test_ughpdf_backend" name="test_signup_duplicate" time="0.069" /><testcase classname="tests.test_ughpdf_backend" name="test_login_valid" time="0.307" /><testcase classname="tests.test_ughpdf_backend" name="test_login_invalid" time="0.292" /><testcase classname="tests.test_ughpdf_backend" name="test_me_authed" time="0.080" /><testcase classname="tests.test_ughpdf_backend" name="test_me_no_token" time="0.096" /><testcase classname="tests.test_ughpdf_backend" name="test_google_invalid_session" time="0.300" /><testcase classname="tests.test_ughpdf_backend" name="test_protect" time="0.097" /><testcase classname="tests.test_ughpdf_backend" name="test_unlock" time="0.089" /><testcase classname="tests.test_ughpdf_backend" name="test_pdf_to_text" time="0.093" /><testcase classname="tests.test_ughpdf_backend" name="test_pdf_to_markdown" time="0.088" /><testcase classname="tests.test_ughpdf_backend" name="test_bates" time="0.129" /><testcase classname="tests.test_ughpdf_backend" name="test_flatten" time="0.078" /><testcase classname="tests.test_ughpdf_backend" name="test_repair" time="0.092" /><testcase classname="tests.test_ughpdf_backend" name="test_generic_pdf_to_html" time="0.083" /><testcase classname="tests.test_ughpdf_backend" name="test_jobs_listed_after_protect" time="0.081" /><testcase classname="tests.test_ughpdf_backend" name="test_delete_single_job" time="0.356" /><testcase classname="tests.test_ughpdf_backend" name="test_delete_nonexistent_job_404" time="0.072" /><testcase classname="tests.test_ughpdf_backend" name="test_delete_cross_user_isolation" time="0.613" /><testcase classname="tests.test_ughpdf_backend" name="test_delete_all_jobs" time="0.802" /><testcase classname="tests.test_ughpdf_backend" name="test_mongo_ttl_index" time="0.005" /><testcase classname="tests.test_ughpdf_backend" name="test_file_size_limit_free" time="0.979" /><testcase classname="tests.test_ughpdf_backend" name="test_daily_ops_limit_free" time="1.234" /><testcase classname="tests.test_ughpdf_backend" name="test_billing_mock_unlock_no_ai_credits" time="0.442" /><testcase classname="tests.test_ughpdf_backend" name="test_billing_geo" time="0.349" /><testcase classname="tests.test_ughpdf_backend" name="test_billing_checkout_real_stripe" time="1.200" /><testcase classname="tests.test_ughpdf_backend" name="test_pdf_search_basic" time="0.102" /><testcase classname="tests.test_ughpdf_backend" name="test_pdf_search_semantic_paraphrase" time="0.189" /><testcase classname="tests.test_ughpdf_backend" name="test_pdf_search_empty_query_400" time="0.091" /><testcase classname="tests.test_ughpdf_backend" name="test_pdf_search_k_clamps" time="0.260" /><testcase classname="tests.test_ughpdf_backend" name="test_pdf_search_cache_and_ttl_index" time="0.202" /><testcase classname="tests.test_ughpdf_backend" name="test_pdf_search_logs_job" time="0.157" /><testcase classname="tests.test_ughpdf_backend" name="test_billing_methods_shape" time="0.312" /><testcase classname="tests.test_ughpdf_backend" name="test_paypal_available_false" time="0.101" /><testcase classname="tests.test_ughpdf_backend" name="test_paypal_order_503_when_unconfigured" time="0.075" /><testcase classname="tests.test_ughpdf_backend" name="test_paypal_capture_503_when_unconfigured" time="0.079" /><testcase classname="tests.test_ughpdf_backend" name="test_paypal_webhook_ignored_when_unconfigured" time="0.069" /><testcase classname="tests.test_ughpdf_backend" name="test_razorpay_available_false" time="1.100" /><testcase classname="tests.test_ughpdf_backend" name="test_razorpay_order_503_when_unconfigured" time="2.130" /><testcase classname="tests.test_ughpdf_backend" name="test_razorpay_verify_503_when_unconfigured" time="0.123" /></testsuite></testsuites>