<?xml version="1.0" encoding="utf-8"?><testsuites name="pytest tests"><testsuite name="pytest" errors="0" failures="0" skipped="0" tests="39" time="36.553" timestamp="2026-08-17T10:23:35.997986+00:00" hostname="agent-env-24c81523-e0d1-4b26-bbe0-71b4eb718151"><testcase classname="tests.test_ughpdf_backend" name="test_health_root" time="0.220" /><testcase classname="tests.test_ughpdf_backend" name="test_tools_list" time="0.076" /><testcase classname="tests.test_ughpdf_backend" name="test_tool_by_id[merge]" time="0.092" /><testcase classname="tests.test_ughpdf_backend" name="test_tool_by_id[ai-chat]" time="0.104" /><testcase classname="tests.test_ughpdf_backend" name="test_tool_by_id[protect]" time="0.110" /><testcase classname="tests.test_ughpdf_backend" name="test_tool_by_id[pdf-to-text]" time="0.108" /><testcase classname="tests.test_ughpdf_backend" name="test_tool_by_id_404" time="0.228" /><testcase classname="tests.test_ughpdf_backend" name="test_signup_new" time="0.354" /><testcase classname="tests.test_ughpdf_backend" name="test_signup_duplicate" time="0.110" /><testcase classname="tests.test_ughpdf_backend" name="test_login_valid" time="0.343" /><testcase classname="tests.test_ughpdf_backend" name="test_login_invalid" time="0.324" /><testcase classname="tests.test_ughpdf_backend" name="test_me_authed" time="0.105" /><testcase classname="tests.test_ughpdf_backend" name="test_me_no_token" time="0.106" /><testcase classname="tests.test_ughpdf_backend" name="test_google_invalid_session" time="0.317" /><testcase classname="tests.test_ughpdf_backend" name="test_protect" time="0.627" /><testcase classname="tests.test_ughpdf_backend" name="test_unlock" time="0.105" /><testcase classname="tests.test_ughpdf_backend" name="test_pdf_to_text" time="0.084" /><testcase classname="tests.test_ughpdf_backend" name="test_pdf_to_markdown" time="0.104" /><testcase classname="tests.test_ughpdf_backend" name="test_bates" time="0.120" /><testcase classname="tests.test_ughpdf_backend" name="test_flatten" time="0.083" /><testcase classname="tests.test_ughpdf_backend" name="test_repair" time="0.089" /><testcase classname="tests.test_ughpdf_backend" name="test_generic_pdf_to_html" time="0.092" /><testcase classname="tests.test_ughpdf_backend" name="test_generic_word_to_pdf" time="0.100" /><testcase classname="tests.test_ughpdf_backend" name="test_ai_summarize" time="3.970" /><testcase classname="tests.test_ughpdf_backend" name="test_ai_chat" time="1.184" /><testcase classname="tests.test_ughpdf_backend" name="test_ai_extract" time="1.404" /><testcase classname="tests.test_ughpdf_backend" name="test_ai_redact" time="1.436" /><testcase classname="tests.test_ughpdf_backend" name="test_ai_math" time="3.619" /><testcase classname="tests.test_ughpdf_backend" name="test_ai_ocr" time="0.106" /><testcase classname="tests.test_ughpdf_backend" name="test_ai_visual_diff" time="10.021" /><testcase classname="tests.test_ughpdf_backend" name="test_credit_consumption_and_out_of_credits" time="6.325" /><testcase classname="tests.test_ughpdf_backend" name="test_file_size_limit_free" time="0.937" /><testcase classname="tests.test_ughpdf_backend" name="test_byok" time="0.090" /><testcase classname="tests.test_ughpdf_backend" name="test_billing_mock_unlock" time="0.499" /><testcase classname="tests.test_ughpdf_backend" name="test_billing_geo" time="0.326" /><testcase classname="tests.test_ughpdf_backend" name="test_billing_checkout_real_stripe" time="1.374" /><testcase classname="tests.test_ughpdf_backend" name="test_payments_status_created" time="0.426" /><testcase classname="tests.test_ughpdf_backend" name="test_payments_status_unknown_404" time="0.083" /><testcase classname="tests.test_ughpdf_backend" name="test_stripe_webhook_invalid_signature" time="0.089" /></testsuite></testsuites>