<?xml version="1.0" encoding="utf-8"?><testsuites name="pytest tests"><testsuite name="pytest" errors="0" failures="1" skipped="0" tests="43" time="52.112" timestamp="2026-08-17T10:46:21.242037+00:00" hostname="agent-env-24c81523-e0d1-4b26-bbe0-71b4eb718151"><testcase classname="tests.test_ughpdf_backend" name="test_health_root" time="0.299" /><testcase classname="tests.test_ughpdf_backend" name="test_tools_list" time="0.107" /><testcase classname="tests.test_ughpdf_backend" name="test_tool_by_id[merge]" time="0.083" /><testcase classname="tests.test_ughpdf_backend" name="test_tool_by_id[ai-chat]" time="0.093" /><testcase classname="tests.test_ughpdf_backend" name="test_tool_by_id[protect]" time="0.205" /><testcase classname="tests.test_ughpdf_backend" name="test_tool_by_id[pdf-to-text]" time="0.127" /><testcase classname="tests.test_ughpdf_backend" name="test_tool_by_id_404" time="0.117" /><testcase classname="tests.test_ughpdf_backend" name="test_signup_new" time="0.359" /><testcase classname="tests.test_ughpdf_backend" name="test_signup_duplicate" time="0.136" /><testcase classname="tests.test_ughpdf_backend" name="test_login_valid" time="0.370" /><testcase classname="tests.test_ughpdf_backend" name="test_login_invalid" time="0.362" /><testcase classname="tests.test_ughpdf_backend" name="test_me_authed" time="0.106" /><testcase classname="tests.test_ughpdf_backend" name="test_me_no_token" time="0.077" /><testcase classname="tests.test_ughpdf_backend" name="test_google_invalid_session" time="0.281" /><testcase classname="tests.test_ughpdf_backend" name="test_protect" time="0.655" /><testcase classname="tests.test_ughpdf_backend" name="test_unlock" time="0.109" /><testcase classname="tests.test_ughpdf_backend" name="test_pdf_to_text" time="0.090" /><testcase classname="tests.test_ughpdf_backend" name="test_pdf_to_markdown" time="0.094" /><testcase classname="tests.test_ughpdf_backend" name="test_bates" time="0.117" /><testcase classname="tests.test_ughpdf_backend" name="test_flatten" time="0.085" /><testcase classname="tests.test_ughpdf_backend" name="test_repair" time="0.095" /><testcase classname="tests.test_ughpdf_backend" name="test_generic_pdf_to_html" time="0.082" /><testcase classname="tests.test_ughpdf_backend" name="test_generic_word_to_pdf" time="0.095" /><testcase classname="tests.test_ughpdf_backend" name="test_ai_summarize" time="5.673" /><testcase classname="tests.test_ughpdf_backend" name="test_ai_chat" time="2.036" /><testcase classname="tests.test_ughpdf_backend" name="test_ai_chat_rag_relevance_person" time="1.077" /><testcase classname="tests.test_ughpdf_backend" name="test_ai_chat_rag_relevance_invoice" time="1.183" /><testcase classname="tests.test_ughpdf_backend" name="test_ai_chat_rag_cache_persistence" time="4.433" /><testcase classname="tests.test_ughpdf_backend" name="test_rag_index_stored_in_mongo" time="1.884"><failure message="pymongo.errors.InvalidURI: Invalid URI scheme: URI must begin with 'mongodb://' or 'mongodb+srv://'">tests/test_ughpdf_backend.py:340: in test_rag_index_stored_in_mongo
    client = pymongo.MongoClient(mongo_url)
             ^^^^^^^^^^^^^^^^^^^^^^^^^^^^^^
/root/.venv/lib/python3.11/site-packages/pymongo/mongo_client.py:771: in __init__
    res = uri_parser.parse_uri(
/root/.venv/lib/python3.11/site-packages/pymongo/uri_parser.py:497: in parse_uri
    raise InvalidURI(f"Invalid URI scheme: URI must begin with '{SCHEME}' or '{SRV_SCHEME}'")
E   pymongo.errors.InvalidURI: Invalid URI scheme: URI must begin with 'mongodb://' or 'mongodb+srv://'</failure></testcase><testcase classname="tests.test_ughpdf_backend" name="test_ai_extract" time="1.569" /><testcase classname="tests.test_ughpdf_backend" name="test_ai_redact" time="1.224" /><testcase classname="tests.test_ughpdf_backend" name="test_ai_math" time="2.724" /><testcase classname="tests.test_ughpdf_backend" name="test_ai_ocr" time="0.116" /><testcase classname="tests.test_ughpdf_backend" name="test_ai_visual_diff" time="14.599" /><testcase classname="tests.test_ughpdf_backend" name="test_credit_consumption_and_out_of_credits" time="6.472" /><testcase classname="tests.test_ughpdf_backend" name="test_file_size_limit_free" time="0.947" /><testcase classname="tests.test_ughpdf_backend" name="test_byok" time="0.081" /><testcase classname="tests.test_ughpdf_backend" name="test_billing_mock_unlock" time="0.489" /><testcase classname="tests.test_ughpdf_backend" name="test_billing_geo" time="0.333" /><testcase classname="tests.test_ughpdf_backend" name="test_billing_checkout_real_stripe" time="1.631" /><testcase classname="tests.test_ughpdf_backend" name="test_payments_status_created" time="0.486" /><testcase classname="tests.test_ughpdf_backend" name="test_payments_status_unknown_404" time="0.116" /><testcase classname="tests.test_ughpdf_backend" name="test_stripe_webhook_invalid_signature" time="0.095" /></testsuite></testsuites>